Arguments: 
  D:\app\nodejs\node.exe C:\Users\Admin\AppData\Roaming\npm\node_modules\yarn\bin\yarn.js init

PATH: 
  C:\Users\Admin\bin;D:\app\Git\mingw64\bin;D:\app\Git\usr\local\bin;D:\app\Git\usr\bin;D:\app\Git\usr\bin;D:\app\Git\mingw64\bin;D:\app\Git\usr\bin;C:\Users\Admin\bin;C:\Windows\system32;C:\Windows;C:\Windows\System32\Wbem;C:\Windows\System32\WindowsPowerShell\v1.0;C:\Windows\System32\OpenSSH;D:\app\nodejs;D:\app\Git\cmd;D:\dev\java\bin;D:\dev\MySQL5.7\bin;D:\dev\apache-maven-3.6.3\bin;D:\微信web开发者工具游戏\dll;D:\app\微信web开发者工具\dll;C:\Users\Admin\AppData\Local\Microsoft\WindowsApps;C:\Users\Admin\AppData\Roaming\npm;D:\app\Microsoft VS Code\bin;D:\app\Git\usr\bin\vendor_perl;D:\app\Git\usr\bin\core_perl

Yarn version: 
  1.22.18

Node version: 
  16.14.2

Platform: 
  win32 x64

Trace: 
  Error: Can't answer a question unless a user TTY
      at ConsoleReporter.question (C:\Users\Admin\AppData\Roaming\npm\node_modules\yarn\lib\cli.js:92857:59)
      at Object.<anonymous> (C:\Users\Admin\AppData\Roaming\npm\node_modules\yarn\lib\cli.js:85047:38)
      at Generator.next (<anonymous>)
      at step (C:\Users\Admin\AppData\Roaming\npm\node_modules\yarn\lib\cli.js:310:30)
      at C:\Users\Admin\AppData\Roaming\npm\node_modules\yarn\lib\cli.js:321:13
      at processTicksAndRejections (node:internal/process/task_queues:96:5)

npm manifest: 
  No manifest

yarn manifest: 
  No manifest

Lockfile: 
  No lockfile
